2022-09-20 16:42:20,047 [INFO] Activator:177 - 


2022-09-20 16:42:20,047 [INFO] Activator:178 - !SESSION log4j initialized
2022-09-20 16:43:45,628 [INFO] McuFinderGlobals:39 - Set McuFinder mode to 2 (CubeIDE integrated)
2022-09-20 16:43:45,722 [INFO] ApplicationProperties:181 - Using Application install path: C:\ST\STM32CubeIDE_1.7.0\STM32CubeIDE\plugins\com.st.stm32cube.common.mx_6.3.0.202107141111
2022-09-20 16:43:45,738 [INFO] DbMcusXml:74 - Set database path to: C:\ST\STM32CubeIDE_1.7.0\STM32CubeIDE\plugins\com.st.stm32cube.common.mx_6.3.0.202107141111\\db\/mcu/
2022-09-20 16:43:45,738 [INFO] DbBoardsPdsc:56 - Set plugin database path to: C:\ST\STM32CubeIDE_1.7.0\STM32CubeIDE\plugins\com.st.stm32cube.common.mx_6.3.0.202107141111\\db\/plugins/boardmanager/
2022-09-20 16:43:45,738 [INFO] DbMcus:258 - Set plugin images path to: C:\ST\STM32CubeIDE_1.7.0\STM32CubeIDE\plugins\com.st.stm32cube.common.mx_6.3.0.202107141111\\db\/plugins/mcufinder/images/
2022-09-20 16:43:45,738 [INFO] DbBoards:264 - Set plugin images path to: C:\ST\STM32CubeIDE_1.7.0\STM32CubeIDE\plugins\com.st.stm32cube.common.mx_6.3.0.202107141111\\db\/plugins/mcufinder/images/
2022-09-20 16:43:45,753 [INFO] DbExamples:333 - Set plugin images path to: C:\ST\STM32CubeIDE_1.7.0\STM32CubeIDE\plugins\com.st.stm32cube.common.mx_6.3.0.202107141111\\db\/plugins/mcufinder/images/
2022-09-20 16:43:45,753 [INFO] DbMcusAds:119 - Set database path to: C:\Users\kd\.stmcufinder\plugins\mcufinder//mcu/
2022-09-20 16:43:45,753 [INFO] DbMcusDocs:110 - Set database path to: C:\Users\kd\.stmcufinder\plugins\mcufinder//mcu/
2022-09-20 16:43:45,753 [INFO] DbMcusJson:64 - Set database path to: C:\Users\kd\.stmcufinder\plugins\mcufinder//mcu/
2022-09-20 16:43:45,753 [INFO] DbBoardsDocs:110 - Set database path to: C:\Users\kd\.stmcufinder\plugins\mcufinder//mcu/
2022-09-20 16:43:45,753 [INFO] DbBoardsJson:57 - Set database path to: C:\Users\kd\.stmcufinder\plugins\mcufinder//mcu/
2022-09-20 16:43:45,785 [INFO] CrossReferenceDbSqlite:196 - Set database path to: C:\Users\kd\.stmcufinder\plugins\mcufinder//mcu/cs/
2022-09-20 16:43:45,800 [INFO] DbExamplesSqlite:767 - Set database path to: C:\Users\kd\.stmcufinder\plugins\mcufinder//mcu/
2022-09-20 16:43:45,863 [INFO] RulesReader:57 - Compatibility file has been processed (242 Rules)
2022-09-20 16:43:45,925 [INFO] DbMcusXml:74 - Set database path to: C:\ST\STM32CubeIDE_1.7.0\STM32CubeIDE\plugins\com.st.stm32cube.common.mx_6.3.0.202107141111\\db\/mcu/
2022-09-20 16:43:45,925 [INFO] DbBoardsPdsc:56 - Set plugin database path to: C:\ST\STM32CubeIDE_1.7.0\STM32CubeIDE\plugins\com.st.stm32cube.common.mx_6.3.0.202107141111\\db\/plugins/boardmanager/
2022-09-20 16:43:45,925 [INFO] DbMcus:258 - Set plugin images path to: C:\ST\STM32CubeIDE_1.7.0\STM32CubeIDE\plugins\com.st.stm32cube.common.mx_6.3.0.202107141111\\db\/plugins/mcufinder/images/
2022-09-20 16:43:45,925 [INFO] DbBoards:264 - Set plugin images path to: C:\ST\STM32CubeIDE_1.7.0\STM32CubeIDE\plugins\com.st.stm32cube.common.mx_6.3.0.202107141111\\db\/plugins/mcufinder/images/
2022-09-20 16:43:45,925 [INFO] DbExamples:333 - Set plugin images path to: C:\ST\STM32CubeIDE_1.7.0\STM32CubeIDE\plugins\com.st.stm32cube.common.mx_6.3.0.202107141111\\db\/plugins/mcufinder/images/
2022-09-20 16:43:45,925 [WARN] DbFile:35 - Overriding database path with different value: C:\Users\kd\.stmcufinder\plugins\mcufinder/ => C:\Users\kd\.stmcufinder\plugins\mcufinder
2022-09-20 16:43:45,925 [INFO] DbMcusAds:119 - Set database path to: C:\Users\kd\.stmcufinder\plugins\mcufinder//mcu/
2022-09-20 16:43:45,925 [WARN] DbFile:35 - Overriding database path with different value: C:\Users\kd\.stmcufinder\plugins\mcufinder/ => C:\Users\kd\.stmcufinder\plugins\mcufinder
2022-09-20 16:43:45,925 [INFO] DbMcusDocs:110 - Set database path to: C:\Users\kd\.stmcufinder\plugins\mcufinder//mcu/
2022-09-20 16:43:45,925 [WARN] DbFile:35 - Overriding database path with different value: C:\Users\kd\.stmcufinder\plugins\mcufinder/ => C:\Users\kd\.stmcufinder\plugins\mcufinder
2022-09-20 16:43:45,925 [INFO] DbMcusJson:64 - Set database path to: C:\Users\kd\.stmcufinder\plugins\mcufinder//mcu/
2022-09-20 16:43:45,925 [WARN] DbFile:35 - Overriding database path with different value: C:\Users\kd\.stmcufinder\plugins\mcufinder/ => C:\Users\kd\.stmcufinder\plugins\mcufinder
2022-09-20 16:43:45,925 [INFO] DbBoardsDocs:110 - Set database path to: C:\Users\kd\.stmcufinder\plugins\mcufinder//mcu/
2022-09-20 16:43:45,925 [WARN] DbFile:35 - Overriding database path with different value: C:\Users\kd\.stmcufinder\plugins\mcufinder/ => C:\Users\kd\.stmcufinder\plugins\mcufinder
2022-09-20 16:43:45,925 [INFO] DbBoardsJson:57 - Set database path to: C:\Users\kd\.stmcufinder\plugins\mcufinder//mcu/
2022-09-20 16:43:45,925 [WARN] DbFile:35 - Overriding database path with different value: C:\Users\kd\.stmcufinder\plugins\mcufinder/ => C:\Users\kd\.stmcufinder\plugins\mcufinder
2022-09-20 16:43:45,925 [WARN] DbFile:35 - Overriding database path with different value: C:\Users\kd\.stmcufinder\plugins\mcufinder/ => C:\Users\kd\.stmcufinder\plugins\mcufinder
2022-09-20 16:43:45,925 [INFO] CrossReferenceDbSqlite:196 - Set database path to: C:\Users\kd\.stmcufinder\plugins\mcufinder//mcu/cs/
2022-09-20 16:43:45,925 [WARN] DbFile:35 - Overriding database path with different value: C:\Users\kd\.stmcufinder\plugins\mcufinder/ => C:\Users\kd\.stmcufinder\plugins\mcufinder
2022-09-20 16:43:45,925 [INFO] DbExamplesSqlite:767 - Set database path to: C:\Users\kd\.stmcufinder\plugins\mcufinder//mcu/
2022-09-20 16:43:45,972 [INFO] MainPanel:214 - HeapMemory: 455081984
2022-09-20 16:43:46,019 [INFO] DbMcusXml:74 - Set database path to: C:\ST\STM32CubeIDE_1.7.0\STM32CubeIDE\plugins\com.st.stm32cube.common.mx_6.3.0.202107141111\\db\/mcu/
2022-09-20 16:43:46,019 [INFO] DbBoardsPdsc:56 - Set plugin database path to: C:\ST\STM32CubeIDE_1.7.0\STM32CubeIDE\plugins\com.st.stm32cube.common.mx_6.3.0.202107141111\\db\/plugins/boardmanager/
2022-09-20 16:43:46,019 [INFO] DbMcus:258 - Set plugin images path to: C:\ST\STM32CubeIDE_1.7.0\STM32CubeIDE\plugins\com.st.stm32cube.common.mx_6.3.0.202107141111\\db\/plugins/mcufinder/images/
2022-09-20 16:43:46,019 [INFO] DbBoards:264 - Set plugin images path to: C:\ST\STM32CubeIDE_1.7.0\STM32CubeIDE\plugins\com.st.stm32cube.common.mx_6.3.0.202107141111\\db\/plugins/mcufinder/images/
2022-09-20 16:43:46,019 [INFO] DbExamples:333 - Set plugin images path to: C:\ST\STM32CubeIDE_1.7.0\STM32CubeIDE\plugins\com.st.stm32cube.common.mx_6.3.0.202107141111\\db\/plugins/mcufinder/images/
2022-09-20 16:43:46,019 [WARN] DbFile:35 - Overriding database path with different value: C:\Users\kd\.stmcufinder\plugins\mcufinder/ => C:\Users\kd\.stmcufinder\plugins\mcufinder
2022-09-20 16:43:46,019 [INFO] DbMcusAds:119 - Set database path to: C:\Users\kd\.stmcufinder\plugins\mcufinder//mcu/
2022-09-20 16:43:46,019 [WARN] DbFile:35 - Overriding database path with different value: C:\Users\kd\.stmcufinder\plugins\mcufinder/ => C:\Users\kd\.stmcufinder\plugins\mcufinder
2022-09-20 16:43:46,019 [INFO] DbMcusDocs:110 - Set database path to: C:\Users\kd\.stmcufinder\plugins\mcufinder//mcu/
2022-09-20 16:43:46,019 [WARN] DbFile:35 - Overriding database path with different value: C:\Users\kd\.stmcufinder\plugins\mcufinder/ => C:\Users\kd\.stmcufinder\plugins\mcufinder
2022-09-20 16:43:46,019 [INFO] DbMcusJson:64 - Set database path to: C:\Users\kd\.stmcufinder\plugins\mcufinder//mcu/
2022-09-20 16:43:46,019 [WARN] DbFile:35 - Overriding database path with different value: C:\Users\kd\.stmcufinder\plugins\mcufinder/ => C:\Users\kd\.stmcufinder\plugins\mcufinder
2022-09-20 16:43:46,019 [INFO] DbBoardsDocs:110 - Set database path to: C:\Users\kd\.stmcufinder\plugins\mcufinder//mcu/
2022-09-20 16:43:46,019 [WARN] DbFile:35 - Overriding database path with different value: C:\Users\kd\.stmcufinder\plugins\mcufinder/ => C:\Users\kd\.stmcufinder\plugins\mcufinder
2022-09-20 16:43:46,019 [INFO] DbBoardsJson:57 - Set database path to: C:\Users\kd\.stmcufinder\plugins\mcufinder//mcu/
2022-09-20 16:43:46,019 [WARN] DbFile:35 - Overriding database path with different value: C:\Users\kd\.stmcufinder\plugins\mcufinder/ => C:\Users\kd\.stmcufinder\plugins\mcufinder
2022-09-20 16:43:46,019 [WARN] DbFile:35 - Overriding database path with different value: C:\Users\kd\.stmcufinder\plugins\mcufinder/ => C:\Users\kd\.stmcufinder\plugins\mcufinder
2022-09-20 16:43:46,019 [INFO] CrossReferenceDbSqlite:196 - Set database path to: C:\Users\kd\.stmcufinder\plugins\mcufinder//mcu/cs/
2022-09-20 16:43:46,019 [WARN] DbFile:35 - Overriding database path with different value: C:\Users\kd\.stmcufinder\plugins\mcufinder/ => C:\Users\kd\.stmcufinder\plugins\mcufinder
2022-09-20 16:43:46,019 [INFO] DbExamplesSqlite:767 - Set database path to: C:\Users\kd\.stmcufinder\plugins\mcufinder//mcu/
2022-09-20 16:43:46,046 [INFO] ApplicationProperties:181 - Using Application install path: C:\ST\STM32CubeIDE_1.7.0\STM32CubeIDE\plugins\com.st.stm32cube.common.mx_6.3.0.202107141111
2022-09-20 16:43:46,047 [INFO] PluginManage:188 - Search for loadable plugins [exclusion list=, ]
2022-09-20 16:43:46,048 [INFO] PluginManage:302 - Check plugin analytics
2022-09-20 16:43:46,155 [INFO] AnalyticsPlugin:257 - Accepted Software Licenses: 
2022-09-20 16:43:46,155 [INFO] AnalyticsPlugin:259 - Accepted CMSIS Pack Licenses: 
2022-09-20 16:43:46,155 [INFO] AnalyticsPlugin:261 - Accepted Firmware Licenses: 
2022-09-20 16:43:46,155 [INFO] PluginManage:352 - Loaded plugin analytics (category:tool,tabindex:-1)
2022-09-20 16:43:46,155 [INFO] PluginManage:302 - Check plugin clock
2022-09-20 16:43:46,171 [INFO] PluginManage:352 - Loaded plugin clock (category:base,tabindex:2)
2022-09-20 16:43:46,171 [INFO] PluginManage:302 - Check plugin ddr
2022-09-20 16:43:46,171 [INFO] PluginManage:352 - Loaded plugin ddr (category:tool,tabindex:6)
2022-09-20 16:43:46,171 [INFO] PluginManage:302 - Check plugin filemanager
2022-09-20 16:43:46,266 [INFO] PluginManage:352 - Loaded plugin filemanager (category:base,tabindex:10)
2022-09-20 16:43:46,266 [INFO] PluginManage:302 - Check plugin ipmanager
2022-09-20 16:43:46,266 [INFO] PluginManage:352 - Loaded plugin ipmanager (category:base,tabindex:5)
2022-09-20 16:43:46,266 [INFO] PluginManage:302 - Check plugin pinoutandconfiguration
2022-09-20 16:43:46,266 [INFO] PluginManage:352 - Loaded plugin pinoutandconfiguration (category:base,tabindex:1)
2022-09-20 16:43:46,266 [INFO] PluginManage:302 - Check plugin pinoutconfig
2022-09-20 16:43:46,297 [INFO] PluginManage:352 - Loaded plugin pinoutconfig (category:base,tabindex:0)
2022-09-20 16:43:46,297 [INFO] PluginManage:302 - Check plugin power
2022-09-20 16:43:46,297 [INFO] PluginManage:352 - Loaded plugin power (category:power,tabindex:4)
2022-09-20 16:43:46,297 [INFO] PluginManage:302 - Check plugin projectmanager
2022-09-20 16:43:46,312 [INFO] PluginManage:352 - Loaded plugin projectmanager (category:projectmanager,tabindex:3)
2022-09-20 16:43:46,312 [INFO] PluginManage:302 - Check plugin thirdparty
2022-09-20 16:43:46,422 [WARN] IntegrityCheckThread:78 - waiting for thirdparty lock release [integrity check]
2022-09-20 16:43:46,422 [INFO] PluginManage:352 - Loaded plugin thirdparty (category:base,tabindex:-1)
2022-09-20 16:43:46,422 [INFO] PluginManage:302 - Check plugin tools
2022-09-20 16:43:46,422 [INFO] IntegrityCheckThread:80 - entering critical section [integrity check]
2022-09-20 16:43:46,422 [INFO] ThirdPartyUpdaterWithRetryManager:66 - Updater plugin not ready yet. [1/15]
2022-09-20 16:43:46,422 [INFO] PluginManage:352 - Loaded plugin tools (category:base,tabindex:7)
2022-09-20 16:43:46,422 [INFO] PluginManage:302 - Check plugin tutovideos
2022-09-20 16:43:46,579 [INFO] PluginManage:352 - Loaded plugin tutovideos (category:base,tabindex:-1)
2022-09-20 16:43:46,579 [INFO] PluginManage:302 - Check plugin updater
2022-09-20 16:43:46,595 [INFO] PluginManage:352 - Loaded plugin updater (category:base,tabindex:12)
2022-09-20 16:43:46,595 [INFO] PluginManage:275 - PluginManage : Loaded plugins [13]
2022-09-20 16:43:46,720 [INFO] PinOutPanel:1463 - setPackage(No Configuration,No Configuration)
2022-09-20 16:43:46,798 [INFO] IPUIPlugin:74 - create IPUIPlugin
2022-09-20 16:43:46,798 [INFO] PluginManager:213 - loadIPPluginJar : add adc
2022-09-20 16:43:46,798 [INFO] IPUIPlugin:74 - create IPUIPlugin
2022-09-20 16:43:46,798 [INFO] PluginManager:213 - loadIPPluginJar : add aes
2022-09-20 16:43:46,798 [INFO] IPUIPlugin:74 - create IPUIPlugin
2022-09-20 16:43:46,798 [INFO] PluginManager:213 - loadIPPluginJar : add can
2022-09-20 16:43:46,798 [INFO] IPUIPlugin:74 - create IPUIPlugin
2022-09-20 16:43:46,798 [INFO] PluginManager:213 - loadIPPluginJar : add comp
2022-09-20 16:43:46,798 [INFO] IPUIPlugin:74 - create IPUIPlugin
2022-09-20 16:43:46,798 [INFO] PluginManager:213 - loadIPPluginJar : add cryp
2022-09-20 16:43:46,813 [INFO] IPUIPlugin:74 - create IPUIPlugin
2022-09-20 16:43:46,813 [INFO] PluginManager:213 - loadIPPluginJar : add dfsdm
2022-09-20 16:43:46,813 [INFO] IPUIPlugin:74 - create IPUIPlugin
2022-09-20 16:43:46,813 [INFO] PluginManager:213 - loadIPPluginJar : add dma
2022-09-20 16:43:46,813 [INFO] IPUIPlugin:74 - create IPUIPlugin
2022-09-20 16:43:46,813 [INFO] PluginManager:213 - loadIPPluginJar : add dma3
2022-09-20 16:43:46,813 [INFO] IPUIPlugin:74 - create IPUIPlugin
2022-09-20 16:43:46,813 [INFO] PluginManager:213 - loadIPPluginJar : add fatfs
2022-09-20 16:43:46,813 [INFO] IPUIPlugin:74 - create IPUIPlugin
2022-09-20 16:43:46,813 [INFO] PluginManager:213 - loadIPPluginJar : add fmc
2022-09-20 16:43:46,813 [INFO] IPUIPlugin:74 - create IPUIPlugin
2022-09-20 16:43:46,813 [INFO] PluginManager:213 - loadIPPluginJar : add freertos
2022-09-20 16:43:46,829 [INFO] IPUIPlugin:74 - create IPUIPlugin
2022-09-20 16:43:46,829 [INFO] PluginManager:213 - loadIPPluginJar : add genericplugin
2022-09-20 16:43:46,829 [INFO] IPUIPlugin:74 - create IPUIPlugin
2022-09-20 16:43:46,829 [INFO] PluginManager:213 - loadIPPluginJar : add gfxmmu
2022-09-20 16:43:46,829 [INFO] IPUIPlugin:74 - create IPUIPlugin
2022-09-20 16:43:46,829 [INFO] PluginManager:213 - loadIPPluginJar : add gic
2022-09-20 16:43:46,829 [INFO] IPUIPlugin:74 - create IPUIPlugin
2022-09-20 16:43:46,829 [INFO] PluginManager:213 - loadIPPluginJar : add gpio
2022-09-20 16:43:46,829 [INFO] IPUIPlugin:74 - create IPUIPlugin
2022-09-20 16:43:46,829 [INFO] PluginManager:213 - loadIPPluginJar : add gtzc
2022-09-20 16:43:46,829 [INFO] IPUIPlugin:74 - create IPUIPlugin
2022-09-20 16:43:46,829 [INFO] PluginManager:213 - loadIPPluginJar : add hash
2022-09-20 16:43:46,829 [INFO] IPUIPlugin:74 - create IPUIPlugin
2022-09-20 16:43:46,829 [INFO] PluginManager:213 - loadIPPluginJar : add i2c
2022-09-20 16:43:46,845 [INFO] IPUIPlugin:74 - create IPUIPlugin
2022-09-20 16:43:46,845 [INFO] PluginManager:213 - loadIPPluginJar : add i2s
2022-09-20 16:43:46,845 [INFO] IPUIPlugin:74 - create IPUIPlugin
2022-09-20 16:43:46,845 [INFO] PluginManager:213 - loadIPPluginJar : add ipddr
2022-09-20 16:43:46,845 [INFO] IPUIPlugin:74 - create IPUIPlugin
2022-09-20 16:43:46,845 [INFO] PluginManager:213 - loadIPPluginJar : add linkedlist
2022-09-20 16:43:46,845 [INFO] IPUIPlugin:74 - create IPUIPlugin
2022-09-20 16:43:46,845 [INFO] PluginManager:213 - loadIPPluginJar : add lorawan
2022-09-20 16:43:46,845 [INFO] IPUIPlugin:74 - create IPUIPlugin
2022-09-20 16:43:46,845 [INFO] PluginManager:213 - loadIPPluginJar : add ltdc
2022-09-20 16:43:46,845 [INFO] IPUIPlugin:74 - create IPUIPlugin
2022-09-20 16:43:46,845 [INFO] PluginManager:213 - loadIPPluginJar : add mdma
2022-09-20 16:43:46,860 [INFO] IPUIPlugin:74 - create IPUIPlugin
2022-09-20 16:43:46,860 [INFO] PluginManager:213 - loadIPPluginJar : add nvic
2022-09-20 16:43:46,860 [INFO] IPUIPlugin:74 - create IPUIPlugin
2022-09-20 16:43:46,860 [INFO] PluginManager:213 - loadIPPluginJar : add opamp
2022-09-20 16:43:46,860 [INFO] IPUIPlugin:74 - create IPUIPlugin
2022-09-20 16:43:46,860 [INFO] PluginManager:213 - loadIPPluginJar : add openamp
2022-09-20 16:43:46,860 [INFO] IPUIPlugin:74 - create IPUIPlugin
2022-09-20 16:43:46,860 [INFO] PluginManager:213 - loadIPPluginJar : add pdm2pcm
2022-09-20 16:43:46,860 [INFO] IPUIPlugin:74 - create IPUIPlugin
2022-09-20 16:43:46,860 [INFO] PluginManager:213 - loadIPPluginJar : add plateformsettings
2022-09-20 16:43:46,876 [INFO] IPUIPlugin:74 - create IPUIPlugin
2022-09-20 16:43:46,876 [INFO] PluginManager:213 - loadIPPluginJar : add quadspi
2022-09-20 16:43:46,876 [INFO] IPUIPlugin:74 - create IPUIPlugin
2022-09-20 16:43:46,876 [INFO] PluginManager:213 - loadIPPluginJar : add resmgrutility
2022-09-20 16:43:46,876 [INFO] IPUIPlugin:74 - create IPUIPlugin
2022-09-20 16:43:46,876 [INFO] PluginManager:213 - loadIPPluginJar : add sai
2022-09-20 16:43:46,876 [INFO] IPUIPlugin:74 - create IPUIPlugin
2022-09-20 16:43:46,876 [INFO] PluginManager:213 - loadIPPluginJar : add spi
2022-09-20 16:43:46,876 [INFO] IPUIPlugin:74 - create IPUIPlugin
2022-09-20 16:43:46,876 [INFO] PluginManager:213 - loadIPPluginJar : add stm32_wpan
2022-09-20 16:43:46,876 [INFO] IPUIPlugin:74 - create IPUIPlugin
2022-09-20 16:43:46,876 [INFO] PluginManager:213 - loadIPPluginJar : add tim
2022-09-20 16:43:46,876 [INFO] IPUIPlugin:74 - create IPUIPlugin
2022-09-20 16:43:46,876 [INFO] PluginManager:213 - loadIPPluginJar : add touchsensing
2022-09-20 16:43:46,876 [INFO] IPUIPlugin:74 - create IPUIPlugin
2022-09-20 16:43:46,876 [INFO] PluginManager:213 - loadIPPluginJar : add tracer_emb
2022-09-20 16:43:46,892 [INFO] IPUIPlugin:74 - create IPUIPlugin
2022-09-20 16:43:46,892 [INFO] PluginManager:213 - loadIPPluginJar : add ts
2022-09-20 16:43:46,892 [INFO] IPUIPlugin:74 - create IPUIPlugin
2022-09-20 16:43:46,892 [INFO] PluginManager:213 - loadIPPluginJar : add tsc
2022-09-20 16:43:46,892 [INFO] IPUIPlugin:74 - create IPUIPlugin
2022-09-20 16:43:46,892 [INFO] PluginManager:213 - loadIPPluginJar : add ucpd
2022-09-20 16:43:46,892 [INFO] IPUIPlugin:74 - create IPUIPlugin
2022-09-20 16:43:46,892 [INFO] PluginManager:213 - loadIPPluginJar : add usart
2022-09-20 16:43:46,892 [INFO] IPUIPlugin:74 - create IPUIPlugin
2022-09-20 16:43:46,892 [INFO] PluginManager:213 - loadIPPluginJar : add usbx
2022-09-20 16:43:47,172 [FATAL] Updater:294 - Updater called before beeing initialized
2022-09-20 16:43:47,250 [FATAL] Updater:294 - Updater called before beeing initialized
2022-09-20 16:43:47,250 [INFO] DbMcusAds:47 - JSON generation date=Thu Sep 30 13:55:09 ICT 2021 (1632984909247)
2022-09-20 16:43:47,250 [FATAL] Updater:294 - Updater called before beeing initialized
2022-09-20 16:43:47,297 [WARN] DetailPanel:314 - Failed to get advertising image, set to default
2022-09-20 16:43:47,375 [FATAL] Updater:294 - Updater called before beeing initialized
2022-09-20 16:43:47,375 [FATAL] Updater:294 - Updater called before beeing initialized
2022-09-20 16:43:47,375 [FATAL] Updater:294 - Updater called before beeing initialized
2022-09-20 16:43:47,375 [WARN] DetailPanel:314 - Failed to get advertising image, set to default
2022-09-20 16:43:47,375 [FATAL] Updater:294 - Updater called before beeing initialized
2022-09-20 16:43:47,421 [ERROR] Updater:1075 - MainUpdater not yet initialized. External WinMGr cannot be set.
2022-09-20 16:43:47,437 [INFO] Updater:1012 - Updater Version found : 6.3.0
2022-09-20 16:43:47,453 [INFO] ApplicationProperties:181 - Using Application install path: C:\ST\STM32CubeIDE_1.7.0\STM32CubeIDE\plugins\com.st.stm32cube.common.mx_6.3.0.202107141111
2022-09-20 16:43:47,704 [INFO] MainUpdater:2671 - connection check result : 10
2022-09-20 16:43:47,720 [INFO] MainUpdater:265 - Updater Check For Update Now.
2022-09-20 16:43:47,720 [INFO] MicroXplorer:478 - Change Database Version : DB.6.0.30
2022-09-20 16:43:47,893 [INFO] CheckServerUpdateThread:112 - End of CheckServer Thread
2022-09-20 16:43:47,955 [INFO] MainUpdater:2671 - connection check result : 10
2022-09-20 16:43:48,109 [INFO] McuFinderGlobals:52 - Set McuFinderConnectedMode to false
2022-09-20 16:43:48,188 [INFO] CrossSelectorPresenter:1330 - Cross Selector saved comparison directory: C:\Users\kd\.stmcufinder\plugins\mcufinder\mcu\cs_comparisons_mx
2022-09-20 16:43:48,188 [INFO] MultiScanPanel:197 - Auto-refresh data requested => check proxy status ongoing
2022-09-20 16:43:48,188 [INFO] MultiScanPanel:201 - Proxy status is invalid
2022-09-20 16:43:48,188 [INFO] FinderPluginLoader:87 - Searching for filters in installed packs
2022-09-20 16:43:48,188 [INFO] DbMcusXml:100 - Load MCU database from C:\ST\STM32CubeIDE_1.7.0\STM32CubeIDE\plugins\com.st.stm32cube.common.mx_6.3.0.202107141111\\db\/mcu/families.xml
2022-09-20 16:43:48,971 [INFO] DbMcusJson:93 - JSON generation date=Tue Nov 16 23:17:54 ICT 2021 (1637079474)
2022-09-20 16:43:49,552 [WARN] PackLoader:238 - Cannot read IP mode file for STMicroelectronics.X-CUBE-GNSS1.6.0.0
2022-09-20 16:43:49,567 [WARN] PackLoader:238 - Cannot read IP mode file for STMicroelectronics.X-CUBE-AZRTOS-F4.1.1.0
2022-09-20 16:43:49,599 [INFO] DbMcus:175 - Found 1951 MCUs (1903 are supported by CubeMX, 1914 are visible in CubeMX)
2022-09-20 16:43:49,599 [INFO] ApiDb:251 - Load user favorites file C:\Users\kd/.stm32cubeide/favorites.mcus.txt: 0 item(s)
2022-09-20 16:43:49,599 [INFO] ApiDb:255 - User favorites MCUs=[]
2022-09-20 16:43:49,599 [INFO] DbMcus:187 - Set 0 / 0 favorites MCUs
2022-09-20 16:43:49,599 [WARN] PackLoader:238 - Cannot read IP mode file for STMicroelectronics.X-CUBE-AZRTOS-F7.1.1.0
2022-09-20 16:43:49,599 [WARN] PackLoader:238 - Cannot read IP mode file for STMicroelectronics.X-CUBE-BLE1.6.2.3
2022-09-20 16:43:49,599 [WARN] PackLoader:238 - Cannot read IP mode file for STMicroelectronics.X-CUBE-NFC4.2.0.4
2022-09-20 16:43:49,614 [WARN] PackLoader:238 - Cannot read IP mode file for STMicroelectronics.X-CUBE-TOF1.3.1.0
2022-09-20 16:43:49,614 [WARN] PackLoader:238 - Cannot read IP mode file for wolfSSL.I-CUBE-wolfSSL.5.5.0
2022-09-20 16:43:49,630 [WARN] PackLoader:238 - Cannot read IP mode file for STMicroelectronics.X-CUBE-NFC7.1.0.0
2022-09-20 16:43:49,677 [WARN] PackLoader:238 - Cannot read IP mode file for STMicroelectronics.X-CUBE-MEMS1.9.3.0
2022-09-20 16:43:49,880 [WARN] PackLoader:238 - Cannot read IP mode file for STMicroelectronics.X-CUBE-AI.7.2.0
2022-09-20 16:43:49,895 [WARN] PackLoader:238 - Cannot read IP mode file for STMicroelectronics.X-CUBE-SFXS2LP1.4.0.0
2022-09-20 16:43:49,911 [WARN] PackLoader:238 - Cannot read IP mode file for STMicroelectronics.X-CUBE-BLE2.3.3.0
2022-09-20 16:43:49,911 [WARN] PackLoader:238 - Cannot read IP mode file for STMicroelectronics.X-CUBE-DISPLAY.2.2.0
2022-09-20 16:43:49,927 [WARN] PackLoader:238 - Cannot read IP mode file for STMicroelectronics.X-CUBE-ISPU.1.0.0
2022-09-20 16:43:49,942 [WARN] PackLoader:238 - Cannot read IP mode file for RoweBots.I-CUBE-UNISONRTOS.5.5.0-4
2022-09-20 16:43:49,958 [WARN] PackLoader:238 - Cannot read IP mode file for STMicroelectronics.X-CUBE-AZRTOS-H7.2.1.0
2022-09-20 16:43:49,974 [WARN] PackLoader:238 - Cannot read IP mode file for STMicroelectronics.X-CUBE-BLEMGR.1.0.0
2022-09-20 16:43:49,974 [WARN] PackLoader:238 - Cannot read IP mode file for STMicroelectronics.X-CUBE-ALGOBUILD.1.3.0
2022-09-20 16:43:49,989 [WARN] PackLoader:238 - Cannot read IP mode file for STMicroelectronics.X-CUBE-AZRTOS-G0.1.1.0
2022-09-20 16:43:50,005 [WARN] PackLoader:238 - Cannot read IP mode file for STMicroelectronics.X-CUBE-SUBG2.5.0.0
2022-09-20 16:43:50,036 [WARN] PackLoader:238 - Cannot read IP mode file for SEGGER.I-CUBE-embOS.1.2.0
2022-09-20 16:43:50,084 [INFO] DetailPanel:309 - Set advertising image to C:/Users/kd/STM32Cube/Repository/\en.Prom_NBSTM32U50921.jpg
2022-09-20 16:43:50,084 [WARN] PackLoader:238 - Cannot read IP mode file for STMicroelectronics.FP-ATR-ASTRA1.1.1.1
2022-09-20 16:43:50,100 [WARN] PackLoader:238 - Cannot read IP mode file for STMicroelectronics.X-CUBE-AZRTOS-G4.1.0.0
2022-09-20 16:43:50,131 [WARN] PackLoader:238 - Cannot read IP mode file for STMicroelectronics.X-CUBE-AZRTOS-L4.1.0.0
2022-09-20 16:43:50,147 [WARN] PackLoader:238 - Cannot read IP mode file for emotas.I-CUBE-CANOPEN.1.1.2
2022-09-20 16:43:50,147 [WARN] PackLoader:238 - Cannot read IP mode file for STMicroelectronics.X-CUBE-TOUCHGFX.4.20.0
2022-09-20 16:43:50,162 [WARN] PackLoader:238 - Cannot read IP mode file for STMicroelectronics.X-CUBE-AZRTOS-WL.1.0.0
2022-09-20 16:43:50,178 [WARN] PackLoader:238 - Cannot read IP mode file for portGmbH.I-Cube-SoM-uGOAL.1.1.0
2022-09-20 16:43:50,178 [WARN] PackLoader:238 - Cannot read IP mode file for STMicroelectronics.X-CUBE-ALS.1.0.1
2022-09-20 16:43:50,209 [WARN] PackLoader:238 - Cannot read IP mode file for STMicroelectronics.X-CUBE-AZRTOS-L5.1.0.0
2022-09-20 16:43:50,225 [WARN] PackLoader:238 - Cannot read IP mode file for STMicroelectronics.X-CUBE-EEPRMA1.3.1.1
2022-09-20 16:43:50,225 [INFO] ThirdParty:915 - Integrity check success = true
2022-09-20 16:43:50,225 [INFO] IntegrityCheckThread:94 - exiting critical section [integrity check]
2022-09-20 16:43:50,225 [INFO] IntegrityCheckThread:97 - End integrity checks thread
2022-09-20 16:43:50,443 [INFO] DbBoardsPdsc:90 - Found 25 items
2022-09-20 16:43:50,443 [INFO] DbBoardsPdsc:90 - Found 9 items
2022-09-20 16:43:50,443 [INFO] DbBoardsPdsc:90 - Found 33 items
2022-09-20 16:43:50,443 [INFO] DbBoardsPdsc:90 - Found 1 items
2022-09-20 16:43:50,443 [INFO] DbBoardsPdsc:90 - Found 48 items
2022-09-20 16:43:50,443 [INFO] DbBoardsPdsc:90 - Found 43 items
2022-09-20 16:43:50,459 [INFO] DbBoardsPdsc:90 - Found 2 items
2022-09-20 16:43:50,459 [INFO] DbBoardsPdsc:90 - Found 5 items
2022-09-20 16:43:50,459 [WARN] DbBoardsPdsc:254 - Board STM32H7B3I-DK: unknown feature type=Audio, name=, username=Audio stereo codec with Headphone Amp (CS42L51-CNZ), n=1
2022-09-20 16:43:50,459 [WARN] DbBoardsPdsc:254 - Board STM32H735G-DK: unknown feature type=Audio, name=, username=Audio stereo codec with Headphone Amp (WM8994ECS/R), n=1
2022-09-20 16:43:50,459 [WARN] DbBoardsPdsc:254 - Board STM32H7B3I-EVAL: unknown feature type=Audio, name=, username=Multi-Channel Audio Codec (CS42L51-CNZ), n=1
2022-09-20 16:43:50,459 [WARN] DbBoardsPdsc:254 - Board STM32H7B3I-EVAL: unknown feature type=Meter, name=, username=Power-metering and Temperature-monitoring with sigma-delta modulators, n=1
2022-09-20 16:43:50,459 [WARN] DbBoardsPdsc:254 - Board STM32H7B3I-EVAL: unknown feature type=Motor, name=, username=Motor Control, n=1
2022-09-20 16:43:50,459 [WARN] DbBoardsPdsc:254 - Board STM32U575I-EV: unknown feature type=joystick, name=, username=4-direction joystick with selection button, n=1
2022-09-20 16:43:50,475 [INFO] DbBoardsJson:86 - JSON generation date=Tue Nov 16 23:17:54 ICT 2021 (1637079474)
2022-09-20 16:43:50,475 [INFO] DbBoards:117 - Found 167 boards (163 are supported by CubeMX)
2022-09-20 16:43:50,475 [INFO] DbBoardsDocs:143 - JSON generation date=Tue Nov 16 23:17:54 ICT 2021 (1637079474)
2022-09-20 16:43:50,490 [INFO] DbBoardsDocs:79 - Found 209 boards documents
2022-09-20 16:43:50,490 [WARN] DbBoards:127 - board B-L475E-IOT01A2 has no document id list !
2022-09-20 16:43:50,490 [WARN] DbBoards:127 - board NUCLEO-H743ZI has no document id list !
2022-09-20 16:43:50,490 [WARN] DbBoards:127 - board NUCLEO-WL55JC2 has no document id list !
2022-09-20 16:43:50,490 [WARN] DbBoards:127 - board P-NUCLEO-WB55-Nucleo has no document id list !
2022-09-20 16:43:50,490 [WARN] DbBoards:127 - board P-NUCLEO-WB55-USBDongle has no document id list !
2022-09-20 16:43:50,490 [WARN] DbBoards:127 - board STEVAL-BFA001V1B has no document id list !
2022-09-20 16:43:50,490 [WARN] DbBoards:127 - board STEVAL-BFA001V2B has no document id list !
2022-09-20 16:43:50,490 [WARN] DbBoards:127 - board STEVAL-IDP005V1 has no document id list !
2022-09-20 16:43:50,490 [WARN] DbBoards:127 - board STEVAL-IDP005V2 has no document id list !
2022-09-20 16:43:50,490 [WARN] DbBoards:127 - board STEVAL-MKSBOX1V1 has no document id list !
2022-09-20 16:43:50,490 [WARN] DbBoards:127 - board STEVAL-STWINKT1 has no document id list !
2022-09-20 16:43:50,490 [WARN] DbBoards:127 - board STEVAL-STWINKT1B has no document id list !
2022-09-20 16:43:50,490 [WARN] DbBoards:127 - board STM32439I-EVAL2 has no document id list !
2022-09-20 16:43:50,490 [WARN] DbBoards:127 - board STM32F401C-DISCO has no document id list !
2022-09-20 16:43:50,490 [WARN] DbBoards:127 - board STM32F769I-DISC1 has no document id list !
2022-09-20 16:43:50,490 [WARN] DbBoards:127 - board STM32G474E-EVAL1 has no document id list !
2022-09-20 16:43:50,490 [WARN] DbBoards:127 - board STM32H743I-EVAL2 has no document id list !
2022-09-20 16:43:50,490 [WARN] DbBoards:127 - board STM32H747I-DISC1 has no document id list !
2022-09-20 16:43:50,490 [WARN] DbBoards:127 - board STM32H753I-EVAL2 has no document id list !
2022-09-20 16:43:50,490 [WARN] DbBoards:127 - board STM32L-DISCOVERY has no document id list !
2022-09-20 16:43:50,601 [ERROR] DbBoards:189 - Image file not found for board B-U585I-IOT02A: C:\ST\STM32CubeIDE_1.7.0\STM32CubeIDE\plugins\com.st.stm32cube.common.mx_6.3.0.202107141111\\db\/plugins/mcufinder/images/boards/B-U585I-IOT02A_small.jpg
2022-09-20 16:43:50,695 [ERROR] DbBoards:189 - Image file not found for board NUCLEO-F413ZH: C:\ST\STM32CubeIDE_1.7.0\STM32CubeIDE\plugins\com.st.stm32cube.common.mx_6.3.0.202107141111\\db\/plugins/mcufinder/images/boards/nucleo-f413zh_small.jpg
2022-09-20 16:43:50,851 [ERROR] DbBoards:189 - Image file not found for board NUCLEO-L552ZE-Q: C:\ST\STM32CubeIDE_1.7.0\STM32CubeIDE\plugins\com.st.stm32cube.common.mx_6.3.0.202107141111\\db\/plugins/mcufinder/images/boards/nucleo_l552ze_q_small.jpg
2022-09-20 16:43:50,851 [ERROR] DbBoards:189 - Image file not found for board NUCLEO-U575ZI-Q: C:\ST\STM32CubeIDE_1.7.0\STM32CubeIDE\plugins\com.st.stm32cube.common.mx_6.3.0.202107141111\\db\/plugins/mcufinder/images/boards/nucleo-u575zi-q_small.jpg
2022-09-20 16:43:50,851 [ERROR] DbBoards:189 - Image file not found for board NUCLEO-WB15CC: C:\ST\STM32CubeIDE_1.7.0\STM32CubeIDE\plugins\com.st.stm32cube.common.mx_6.3.0.202107141111\\db\/plugins/mcufinder/images/boards/nucleo-wb15cc_small.jpg
2022-09-20 16:43:50,851 [ERROR] DbBoards:189 - Image file not found for board NUCLEO-WB55RG: C:\ST\STM32CubeIDE_1.7.0\STM32CubeIDE\plugins\com.st.stm32cube.common.mx_6.3.0.202107141111\\db\/plugins/mcufinder/images/boards/nucleo-wb55rg_small.jpg
2022-09-20 16:43:51,820 [INFO] ApiDb:251 - Load user favorites file C:\Users\kd/.stm32cubeide/favorites.boards.txt: 0 item(s)
2022-09-20 16:43:51,820 [INFO] ApiDb:255 - User favorites Boards=[]
2022-09-20 16:43:51,820 [INFO] DbBoards:206 - Set 0 / 0 favorites Boards
2022-09-20 16:43:58,783 [INFO] DbMcusDocs:143 - JSON generation date=Tue Nov 16 23:17:54 ICT 2021 (1637079474)
2022-09-20 16:43:59,039 [INFO] DbMcusDocs:79 - Found 682 MCUs documents
2022-09-20 16:44:19,321 [INFO] MainUpdater:2671 - connection check result : 10
2022-09-20 16:44:19,321 [INFO] MainUpdater:2671 - connection check result : 10
2022-09-20 16:44:19,367 [INFO] MicroXplorer:448 - Change Database Path : 
2022-09-20 16:44:19,367 [INFO] MicroXplorer:478 - Change Database Version : DB.6.0.30
2022-09-20 16:44:19,367 [WARN] ThirdParty:813 - waiting for thirdparty lock release [close project]
2022-09-20 16:44:19,367 [INFO] ThirdParty:815 - entering critical section [close project]
2022-09-20 16:44:19,367 [INFO] ThirdParty:825 - exiting critical section [close project]
2022-09-20 16:44:19,367 [INFO] PinOutPanel:1463 - setPackage(No Configuration,No Configuration)
2022-09-20 16:44:19,367 [INFO] UtilMem:74 - Begin LoadConfig() Used Memory: 688237816 Bytes (843055104)
2022-09-20 16:44:19,367 [INFO] MicroXplorer:448 - Change Database Path : 
2022-09-20 16:44:19,367 [INFO] MicroXplorer:478 - Change Database Version : DB.6.0.30
2022-09-20 16:44:19,367 [INFO] OpenFileManager:313 - Change cursor
2022-09-20 16:44:20,070 [INFO] Context:592 - Trying to add GPIOservice into a context  which must be forbidden
2022-09-20 16:44:20,226 [INFO] ImportTextPane:167 - (OptionalMessage_ERROR) Unable to find key (Mcu.ThirdPartyNb) in loaded IOC file
2022-09-20 16:44:20,226 [INFO] ImportTextPane:167 - (OptionalMessage_ERROR) Unable to find key (Mcu.PinsNb) in loaded IOC file
2022-09-20 16:44:20,226 [INFO] ImportTextPane:167 - (OptionalMessage_ERROR) Unable to find key (Mcu.IPNb) in loaded IOC file
2022-09-20 16:44:20,273 [WARN] ApiManager:304 - Cannot register API 'Board Extension:GNSS1A1' from pack STMicroelectronics.X-CUBE-GNSS1.6.0.0: no header file found
2022-09-20 16:44:20,273 [WARN] ApiManager:304 - Cannot register API 'Board Support:Custom' from pack STMicroelectronics.X-CUBE-GNSS1.6.0.0: no header file found
2022-09-20 16:44:20,273 [WARN] ApiManager:304 - Cannot register API 'Data Exchange:lib_gnss' from pack STMicroelectronics.X-CUBE-GNSS1.6.0.0: no header file found
2022-09-20 16:44:20,273 [WARN] ModelIntegratedComponent:60 - No mode defined for component null
2022-09-20 16:44:20,273 [WARN] ModelIntegratedComponent:60 - No mode defined for component null
2022-09-20 16:44:20,273 [WARN] ModelIntegratedComponent:60 - No mode defined for component null
2022-09-20 16:44:20,273 [WARN] ModelIntegratedComponent:60 - No mode defined for component null
2022-09-20 16:44:20,273 [WARN] ModelIntegratedComponent:60 - No mode defined for component null
2022-09-20 16:44:20,273 [WARN] ModelIntegratedComponent:60 - No mode defined for component null
2022-09-20 16:44:20,273 [WARN] ModelIntegratedComponent:60 - No mode defined for component null
2022-09-20 16:44:20,273 [WARN] ModelIntegratedComponent:60 - No mode defined for component null
2022-09-20 16:44:20,273 [WARN] ModelIntegratedComponent:60 - No mode defined for component null
2022-09-20 16:44:20,273 [WARN] ModelIntegratedComponent:60 - No mode defined for component null
2022-09-20 16:44:20,273 [WARN] ModelIntegratedComponent:60 - No mode defined for component null
2022-09-20 16:44:20,273 [WARN] ModelIntegratedComponent:60 - No mode defined for component null
2022-09-20 16:44:20,273 [WARN] ModelIntegratedComponent:60 - No mode defined for component null
2022-09-20 16:44:20,273 [WARN] ModelIntegratedComponent:60 - No mode defined for component null
2022-09-20 16:44:20,273 [WARN] ModelIntegratedComponent:60 - No mode defined for component null
2022-09-20 16:44:20,273 [WARN] ModelIntegratedComponent:60 - No mode defined for component null
2022-09-20 16:44:20,273 [WARN] ModelIntegratedComponent:60 - No mode defined for component null
2022-09-20 16:44:20,273 [WARN] ModelIntegratedComponent:60 - No mode defined for component null
2022-09-20 16:44:20,273 [WARN] ModelIntegratedComponent:60 - No mode defined for component null
2022-09-20 16:44:20,273 [WARN] ModelIntegratedComponent:60 - No mode defined for component null
2022-09-20 16:44:20,273 [WARN] ModelIntegratedComponent:60 - No mode defined for component null
2022-09-20 16:44:20,273 [WARN] ModelIntegratedComponent:60 - No mode defined for component null
2022-09-20 16:44:20,273 [WARN] ModelIntegratedComponent:60 - No mode defined for component null
2022-09-20 16:44:20,273 [WARN] ModelIntegratedComponent:60 - No mode defined for component null
2022-09-20 16:44:20,273 [WARN] ModelIntegratedComponent:60 - No mode defined for component null
2022-09-20 16:44:20,273 [WARN] ModelIntegratedComponent:60 - No mode defined for component null
2022-09-20 16:44:20,273 [WARN] ModelIntegratedComponent:60 - No mode defined for component null
2022-09-20 16:44:20,273 [WARN] ModelIntegratedComponent:60 - No mode defined for component null
2022-09-20 16:44:20,273 [WARN] ModelIntegratedComponent:60 - No mode defined for component null
2022-09-20 16:44:20,273 [WARN] ModelIntegratedComponent:60 - No mode defined for component null
2022-09-20 16:44:20,273 [WARN] ModelIntegratedComponent:60 - No mode defined for component null
2022-09-20 16:44:20,273 [WARN] ApiManager:304 - Cannot register API 'Board Extension:NFC07A1' from pack STMicroelectronics.X-CUBE-NFC7.1.0.0: no header file found
2022-09-20 16:44:20,429 [WARN] ApiManager:304 - Cannot register API 'Board Extension:IKS01A3' from pack STMicroelectronics.X-CUBE-MEMS1.9.3.0: no header file found
2022-09-20 16:44:20,429 [WARN] ApiManager:304 - Cannot register API 'Board Extension:IKS01A2' from pack STMicroelectronics.X-CUBE-MEMS1.9.3.0: no header file found
2022-09-20 16:44:20,429 [WARN] ApiManager:304 - Cannot register API 'Board Extension:IKS02A1' from pack STMicroelectronics.X-CUBE-MEMS1.9.3.0: no header file found
2022-09-20 16:44:20,429 [WARN] ApiManager:304 - Cannot register API 'Wireless:BlueNRG-MS' from pack STMicroelectronics.X-CUBE-BLE1.6.2.3: no header file found
2022-09-20 16:44:20,445 [INFO] RtosManager:484 - Registered RTOS mode: class=CMSIS, group=RTOS, mode=CMSIS_V1, owner=FREERTOS
2022-09-20 16:44:20,445 [INFO] RtosManager:484 - Registered RTOS mode: class=CMSIS, group=RTOS2, mode=CMSIS_V2, owner=FREERTOS
2022-09-20 16:44:20,445 [INFO] RtosManager:484 - Registered RTOS mode: class=RTOS, group=Core, mode=CMSIS_V1, owner=FREERTOS
2022-09-20 16:44:20,445 [INFO] RtosManager:484 - Registered RTOS mode: class=RTOS, group=Core, mode=CMSIS_V2, owner=FREERTOS
2022-09-20 16:44:20,445 [WARN] ModelIntegratedComponent:181 - Missing modes for component STMicroelectronics:FreeRTOS:0.0.1:STMicroelectronics:RTOS:FreeRTOS:Core:::10.2.0:
2022-09-20 16:44:20,445 [WARN] ApiManager:304 - Cannot register API 'Board Extension:S2868A1' from pack STMicroelectronics.X-CUBE-SUBG2.5.0.0: no header file found
2022-09-20 16:44:20,445 [WARN] ApiManager:304 - Cannot register API 'Board Extension:S2868A2' from pack STMicroelectronics.X-CUBE-SUBG2.5.0.0: no header file found
2022-09-20 16:44:20,445 [WARN] ApiManager:304 - Cannot register API 'Board Extension:S2915A1' from pack STMicroelectronics.X-CUBE-SUBG2.5.0.0: no header file found
2022-09-20 16:44:20,445 [WARN] ApiManager:304 - Cannot register API 'Board Extension:EEPRMA1' from pack STMicroelectronics.X-CUBE-EEPRMA1.3.1.1: no header file found
2022-09-20 16:44:20,445 [WARN] ApiManager:304 - Cannot register API 'Board Extension:EEPRMA2' from pack STMicroelectronics.X-CUBE-EEPRMA1.3.1.1: no header file found
2022-09-20 16:44:20,445 [WARN] ApiManager:304 - Cannot register API 'Board Extension:S2868A1' from pack STMicroelectronics.X-CUBE-SFXS2LP1.4.0.0: no header file found
2022-09-20 16:44:20,445 [WARN] ApiManager:304 - Cannot register API 'Board Extension:S2868A2' from pack STMicroelectronics.X-CUBE-SFXS2LP1.4.0.0: no header file found
2022-09-20 16:44:20,445 [WARN] ApiManager:304 - Cannot register API 'Board Extension:S2915A1' from pack STMicroelectronics.X-CUBE-SFXS2LP1.4.0.0: no header file found
2022-09-20 16:44:20,445 [WARN] ApiManager:304 - Cannot register API 'Wireless:BlueNRG-2' from pack STMicroelectronics.X-CUBE-BLE2.3.3.0: no header file found
2022-09-20 16:44:20,445 [WARN] ApiManager:304 - Cannot register API 'Board Extension:NFC04A1' from pack STMicroelectronics.X-CUBE-NFC4.2.0.4: no header file found
2022-09-20 16:44:21,665 [INFO] UtilMem:74 - End LoadConfig() Used Memory: 640431456 Bytes (843055104)
2022-09-20 16:44:21,665 [WARN] ThirdParty:779 - waiting for thirdparty lock release [change project]
2022-09-20 16:44:21,665 [INFO] ThirdParty:781 - entering critical section [change project]
2022-09-20 16:44:21,665 [INFO] ThirdParty:967 - CMSIS Pack Vendor :RoweBots I-CUBE-UNISONRTOS 5.5.0-4
2022-09-20 16:44:21,665 [INFO] ThirdParty:967 - CMSIS Pack Vendor :STMicroelectronics X-CUBE-GNSS1 6.0.0
2022-09-20 16:44:21,665 [INFO] ThirdParty:967 - CMSIS Pack Vendor :STMicroelectronics X-CUBE-AZRTOS-H7 2.1.0
2022-09-20 16:44:21,665 [INFO] ThirdParty:967 - CMSIS Pack Vendor :STMicroelectronics USB_HOST 2.0.0
2022-09-20 16:44:21,665 [INFO] ThirdParty:967 - CMSIS Pack Vendor :STMicroelectronics X-CUBE-AZRTOS-F4 1.1.0
2022-09-20 16:44:21,665 [INFO] ThirdParty:967 - CMSIS Pack Vendor :STMicroelectronics X-CUBE-AZRTOS-G4 1.0.0
2022-09-20 16:44:21,665 [INFO] ThirdParty:967 - CMSIS Pack Vendor :STMicroelectronics X-CUBE-AZRTOS-L4 1.0.0
2022-09-20 16:44:21,665 [INFO] ThirdParty:967 - CMSIS Pack Vendor :STMicroelectronics USB_DEVICE 3.0.0
2022-09-20 16:44:21,665 [INFO] ThirdParty:967 - CMSIS Pack Vendor :wolfSSL I-CUBE-wolfSSL 5.5.0
2022-09-20 16:44:21,665 [INFO] ThirdParty:967 - CMSIS Pack Vendor :STMicroelectronics HAL Drivers 0.0.0
2022-09-20 16:44:21,665 [INFO] ThirdParty:967 - CMSIS Pack Vendor :STMicroelectronics MBEDTLS 2.16.2
2022-09-20 16:44:21,665 [INFO] ThirdParty:967 - CMSIS Pack Vendor :emotas I-CUBE-CANOPEN 1.1.2
2022-09-20 16:44:21,665 [INFO] ThirdParty:967 - CMSIS Pack Vendor :STMicroelectronics X-CUBE-TOUCHGFX 4.20.0
2022-09-20 16:44:21,665 [INFO] ThirdParty:967 - CMSIS Pack Vendor :STMicroelectronics MBEDTLS 2.14.1
2022-09-20 16:44:21,665 [INFO] ThirdParty:967 - CMSIS Pack Vendor :STMicroelectronics X-CUBE-NFC7 1.0.0
2022-09-20 16:44:21,665 [INFO] ThirdParty:967 - CMSIS Pack Vendor :STMicroelectronics X-CUBE-BLEMGR 1.0.0
2022-09-20 16:44:21,665 [INFO] ThirdParty:967 - CMSIS Pack Vendor :STMicroelectronics X-CUBE-AZRTOS-WL 1.0.0
2022-09-20 16:44:21,665 [INFO] ThirdParty:967 - CMSIS Pack Vendor :STMicroelectronics X-CUBE-AZRTOS-F7 1.1.0
2022-09-20 16:44:21,665 [INFO] ThirdParty:967 - CMSIS Pack Vendor :STMicroelectronics X-CUBE-MEMS1 9.3.0
2022-09-20 16:44:21,665 [INFO] ThirdParty:967 - CMSIS Pack Vendor :portGmbH I-Cube-SoM-uGOAL 1.1.0
2022-09-20 16:44:21,665 [INFO] ThirdParty:967 - CMSIS Pack Vendor :STMicroelectronics X-CUBE-ALS 1.0.1
2022-09-20 16:44:21,665 [INFO] ThirdParty:967 - CMSIS Pack Vendor :STMicroelectronics USB_DEVICE 2.0.0
2022-09-20 16:44:21,665 [INFO] ThirdParty:967 - CMSIS Pack Vendor :STMicroelectronics X-CUBE-AI 7.2.0
2022-09-20 16:44:21,665 [INFO] ThirdParty:967 - CMSIS Pack Vendor :STMicroelectronics X-CUBE-BLE1 6.2.3
2022-09-20 16:44:21,665 [INFO] ThirdParty:967 - CMSIS Pack Vendor :STMicroelectronics X-CUBE-ALGOBUILD 1.3.0
2022-09-20 16:44:21,665 [INFO] ThirdParty:967 - CMSIS Pack Vendor :STMicroelectronics X-CUBE-AZRTOS-L5 1.0.0
2022-09-20 16:44:21,665 [INFO] ThirdParty:967 - CMSIS Pack Vendor :STMicroelectronics FreeRTOS 0.0.1
2022-09-20 16:44:21,665 [INFO] ThirdParty:967 - CMSIS Pack Vendor :STMicroelectronics X-CUBE-AZRTOS-G0 1.1.0
2022-09-20 16:44:21,665 [INFO] ThirdParty:967 - CMSIS Pack Vendor :STMicroelectronics USB_DEVICE 1.0.0
2022-09-20 16:44:21,665 [INFO] ThirdParty:967 - CMSIS Pack Vendor :STMicroelectronics X-CUBE-SUBG2 5.0.0
2022-09-20 16:44:21,665 [INFO] ThirdParty:967 - CMSIS Pack Vendor :SEGGER I-CUBE-embOS 1.2.0
2022-09-20 16:44:21,665 [INFO] ThirdParty:967 - CMSIS Pack Vendor :STMicroelectronics X-CUBE-EEPRMA1 3.1.1
2022-09-20 16:44:21,665 [INFO] ThirdParty:967 - CMSIS Pack Vendor :STMicroelectronics ThreadX 0.0.2
2022-09-20 16:44:21,665 [INFO] ThirdParty:967 - CMSIS Pack Vendor :STMicroelectronics lwIP 2.0.3
2022-09-20 16:44:21,665 [INFO] ThirdParty:967 - CMSIS Pack Vendor :STMicroelectronics lwIP 2.1.2
2022-09-20 16:44:21,665 [INFO] ThirdParty:967 - CMSIS Pack Vendor :STMicroelectronics X-CUBE-SFXS2LP1 4.0.0
2022-09-20 16:44:21,665 [INFO] ThirdParty:967 - CMSIS Pack Vendor :STMicroelectronics X-CUBE-BLE2 3.3.0
2022-09-20 16:44:21,665 [INFO] ThirdParty:967 - CMSIS Pack Vendor :STMicroelectronics X-CUBE-NFC4 2.0.4
2022-09-20 16:44:21,665 [INFO] ThirdParty:967 - CMSIS Pack Vendor :STMicroelectronics USB_HOST 1.0.0
2022-09-20 16:44:21,665 [INFO] ThirdParty:967 - CMSIS Pack Vendor :STMicroelectronics X-CUBE-DISPLAY 2.2.0
2022-09-20 16:44:21,665 [INFO] ThirdParty:967 - CMSIS Pack Vendor :STMicroelectronics PDM2PCM 3.1.0
2022-09-20 16:44:21,665 [INFO] ThirdParty:967 - CMSIS Pack Vendor :STMicroelectronics FP-ATR-ASTRA1 1.1.1
2022-09-20 16:44:21,665 [INFO] ThirdParty:967 - CMSIS Pack Vendor :STMicroelectronics PDM2PCM 3.2.0
2022-09-20 16:44:21,665 [INFO] ThirdParty:967 - CMSIS Pack Vendor :STMicroelectronics PDM2PCM 3.3.0
2022-09-20 16:44:21,665 [INFO] ThirdParty:967 - CMSIS Pack Vendor :STMicroelectronics X-CUBE-TOF1 3.1.0
2022-09-20 16:44:21,665 [INFO] ThirdParty:967 - CMSIS Pack Vendor :STMicroelectronics X-CUBE-ISPU 1.0.0
2022-09-20 16:44:21,665 [INFO] ThirdParty:787 - exiting critical section [change project]
2022-09-20 16:44:21,853 [INFO] PinOutPanel:1463 - setPackage(No Configuration,No Configuration)
2022-09-20 16:44:21,853 [INFO] PinOutPanel:1463 - setPackage(STM32F103C6Ux,UFQFPN48)
2022-09-20 16:44:22,165 [INFO] UtilMem:74 - Before build in PCC Used Memory: 627887680 Bytes (843055104)
2022-09-20 16:44:22,665 [INFO] UtilMem:74 - After build in PCC Used Memory: 706530880 Bytes (843055104)
2022-09-20 16:44:22,681 [INFO] IPUIPlugin:74 - create IPUIPlugin
2022-09-20 16:44:22,681 [INFO] IPUIPlugin:74 - create IPUIPlugin
2022-09-20 16:44:22,681 [INFO] IPUIPlugin:74 - create IPUIPlugin
2022-09-20 16:44:22,681 [INFO] IPUIPlugin:74 - create IPUIPlugin
2022-09-20 16:44:22,681 [INFO] IPUIPlugin:74 - create IPUIPlugin
2022-09-20 16:44:22,681 [INFO] IPUIPlugin:74 - create IPUIPlugin
2022-09-20 16:44:22,681 [INFO] IPUIPlugin:74 - create IPUIPlugin
2022-09-20 16:44:22,681 [INFO] IPUIPlugin:74 - create IPUIPlugin
2022-09-20 16:44:22,681 [INFO] IPUIPlugin:74 - create IPUIPlugin
2022-09-20 16:44:22,681 [INFO] IPUIPlugin:74 - create IPUIPlugin
2022-09-20 16:44:22,681 [INFO] IPUIPlugin:74 - create IPUIPlugin
2022-09-20 16:44:22,681 [INFO] IPUIPlugin:74 - create IPUIPlugin
2022-09-20 16:44:22,681 [INFO] IPUIPlugin:74 - create IPUIPlugin
2022-09-20 16:44:22,681 [INFO] IPUIPlugin:74 - create IPUIPlugin
2022-09-20 16:44:22,681 [INFO] IPUIPlugin:74 - create IPUIPlugin
2022-09-20 16:44:22,681 [INFO] IPUIPlugin:74 - create IPUIPlugin
2022-09-20 16:44:22,681 [INFO] IPUIPlugin:74 - create IPUIPlugin
2022-09-20 16:44:22,681 [INFO] IPUIPlugin:74 - create IPUIPlugin
2022-09-20 16:44:22,681 [INFO] IPUIPlugin:74 - create IPUIPlugin
2022-09-20 16:44:22,681 [INFO] IPUIPlugin:74 - create IPUIPlugin
2022-09-20 16:44:22,681 [INFO] IPUIPlugin:74 - create IPUIPlugin
2022-09-20 16:44:22,681 [INFO] IPUIPlugin:74 - create IPUIPlugin
2022-09-20 16:44:22,681 [INFO] IPUIPlugin:74 - create IPUIPlugin
2022-09-20 16:44:22,775 [INFO] OpenFileManager:333 - Restore cursor
2022-09-20 16:44:22,993 [INFO] UtilMem:74 - End SaveConfig() Used Memory: 655901184 Bytes (843055104)
2022-09-20 16:44:23,025 [INFO] UtilMem:74 - End SaveConfig() Used Memory: 668484096 Bytes (843055104)
2022-09-20 16:44:23,279 [INFO] BlockDiagram:2740 - set Specific Code input for plugin: NVIC
2022-09-20 16:44:23,279 [INFO] BlockDiagram:2740 - set Specific Code input for plugin: SYS
2022-09-20 16:44:23,279 [INFO] BlockDiagram:2740 - set Specific Code input for plugin: RCC
2022-09-20 16:44:23,279 [INFO] CodeGenerator:663 - code generatio: config db path: C:\ST\STM32CubeIDE_1.7.0\STM32CubeIDE\plugins\com.st.stm32cube.common.mx_6.3.0.202107141111\\db\
2022-09-20 16:44:23,577 [INFO] CodeEngine:239 - oldGeneratedFile, C:\Kd\UNI-Lectures\MCU-MPU\Test\ide\MXTmpFiles\license.tmp_save
2022-09-20 16:44:23,827 [INFO] CodeEngine:257 - Generated code: C:\Kd\UNI-Lectures\MCU-MPU\Test\ide\MXTmpFiles\license.tmp
2022-09-20 16:44:23,937 [INFO] CodeEngine:239 - oldGeneratedFile, C:\Kd\UNI-Lectures\MCU-MPU\Test\ide\Core\Src\stm32f1xx_it.c_save
2022-09-20 16:44:24,030 [INFO] CodeEngine:257 - Generated code: C:\Kd\UNI-Lectures\MCU-MPU\Test\ide\Core\Src\stm32f1xx_it.c
2022-09-20 16:44:24,046 [INFO] CodeEngine:239 - oldGeneratedFile, C:\Kd\UNI-Lectures\MCU-MPU\Test\ide\Core\Inc\stm32f1xx_it.h_save
2022-09-20 16:44:24,093 [INFO] CodeEngine:257 - Generated code: C:\Kd\UNI-Lectures\MCU-MPU\Test\ide\Core\Inc\stm32f1xx_it.h
2022-09-20 16:44:24,108 [INFO] CodeEngine:239 - oldGeneratedFile, C:\Kd\UNI-Lectures\MCU-MPU\Test\ide\Core\Src\stm32f1xx_hal_msp.c_save
2022-09-20 16:44:24,187 [INFO] CodeEngine:257 - Generated code: C:\Kd\UNI-Lectures\MCU-MPU\Test\ide\Core\Src\stm32f1xx_hal_msp.c
2022-09-20 16:44:24,202 [INFO] CodeEngine:239 - oldGeneratedFile, C:\Kd\UNI-Lectures\MCU-MPU\Test\ide\MXTmpFiles\system.tmp_save
2022-09-20 16:44:24,249 [INFO] CodeEngine:257 - Generated code: C:\Kd\UNI-Lectures\MCU-MPU\Test\ide\MXTmpFiles\system.tmp
2022-09-20 16:44:24,249 [INFO] CodeEngine:239 - oldGeneratedFile, C:\Kd\UNI-Lectures\MCU-MPU\Test\ide\Core\Inc\stm32f1xx_hal_conf.h_save
2022-09-20 16:44:24,312 [INFO] CodeEngine:257 - Generated code: C:\Kd\UNI-Lectures\MCU-MPU\Test\ide\Core\Inc\stm32f1xx_hal_conf.h
2022-09-20 16:44:24,350 [INFO] CodeEngine:239 - oldGeneratedFile, C:\Kd\UNI-Lectures\MCU-MPU\Test\ide\Core\Inc\main.h_save
2022-09-20 16:44:24,428 [INFO] CodeEngine:257 - Generated code: C:\Kd\UNI-Lectures\MCU-MPU\Test\ide\Core\Inc\main.h
2022-09-20 16:44:24,428 [INFO] CodeEngine:239 - oldGeneratedFile, C:\Kd\UNI-Lectures\MCU-MPU\Test\ide\Core\Src\main.c_save
2022-09-20 16:44:24,537 [INFO] CodeEngine:257 - Generated code: C:\Kd\UNI-Lectures\MCU-MPU\Test\ide\Core\Src\main.c
2022-09-20 16:44:25,399 [INFO] ProjectBuilder:2578 - Time for Copy HAL[1] : 219mS.
2022-09-20 16:44:25,414 [INFO] ProjectBuilder:3622 - Project Generator version: 3.14.1
2022-09-20 16:44:25,773 [INFO] ConfigFileManager:1271 - The Die is : DIE412
2022-09-20 16:44:25,789 [INFO] ApiDbMcu:468 - Load IP Config File for FATFS
2022-09-20 16:44:25,820 [INFO] ApiDbMcu:468 - Load IP Config File for FREERTOS
2022-09-20 16:44:25,852 [INFO] ApiDbMcu:468 - Load IP Config File for USB_DEVICE
2022-09-20 16:44:32,040 [INFO] ProjectBuilder:3789 - Time for Generating toolchain IDE Files: 6626mS.
2022-09-20 16:44:32,040 [INFO] ProjectBuilder:2457 - Time for Copy CMSIS : 0mS.
2022-09-20 16:44:32,056 [INFO] ProjectBuilder:2457 - Time for Copy CMSIS : 0mS.
2022-09-20 16:44:32,478 [INFO] McuFinderGlobals:52 - Set McuFinderConnectedMode to true
2022-09-20 16:44:32,478 [INFO] ApiDb:276 - Save user favorites file C:\Users\kd/.stm32cubeide/favorites.mcus.txt: 0 item(s)
2022-09-20 16:44:32,478 [INFO] ApiDb:280 - User favorites MCUs=[]
2022-09-20 16:45:06,559 [INFO] UtilMem:74 - End SaveConfig() Used Memory: 808691952 Bytes (1063256064)
2022-09-20 16:45:10,091 [INFO] UtilMem:74 - End SaveConfig() Used Memory: 825469168 Bytes (1063256064)
2022-09-20 16:45:13,640 [INFO] UtilMem:74 - End SaveConfig() Used Memory: 936091888 Bytes (1063256064)
2022-09-20 16:45:13,890 [INFO] BlockDiagram:2740 - set Specific Code input for plugin: NVIC
2022-09-20 16:45:13,890 [INFO] BlockDiagram:2740 - set Specific Code input for plugin: SYS
2022-09-20 16:45:13,890 [INFO] BlockDiagram:2740 - set Specific Code input for plugin: GPIO
2022-09-20 16:45:13,890 [INFO] BlockDiagram:2740 - set Specific Code input for plugin: RCC
2022-09-20 16:45:13,890 [INFO] CodeGenerator:663 - code generatio: config db path: C:\ST\STM32CubeIDE_1.7.0\STM32CubeIDE\plugins\com.st.stm32cube.common.mx_6.3.0.202107141111\\db\
2022-09-20 16:45:14,094 [INFO] CodeEngine:239 - oldGeneratedFile, C:\Kd\UNI-Lectures\MCU-MPU\Test\ide\MXTmpFiles\license.tmp_save
2022-09-20 16:45:14,141 [INFO] CodeEngine:257 - Generated code: C:\Kd\UNI-Lectures\MCU-MPU\Test\ide\MXTmpFiles\license.tmp
2022-09-20 16:45:14,172 [INFO] CodeEngine:239 - oldGeneratedFile, C:\Kd\UNI-Lectures\MCU-MPU\Test\ide\MXTmpFiles\gpio.tmp_save
2022-09-20 16:45:14,219 [INFO] CodeEngine:257 - Generated code: C:\Kd\UNI-Lectures\MCU-MPU\Test\ide\MXTmpFiles\gpio.tmp
2022-09-20 16:45:14,235 [INFO] CodeEngine:239 - oldGeneratedFile, C:\Kd\UNI-Lectures\MCU-MPU\Test\ide\Core\Src\stm32f1xx_it.c_save
2022-09-20 16:45:14,297 [INFO] CodeEngine:257 - Generated code: C:\Kd\UNI-Lectures\MCU-MPU\Test\ide\Core\Src\stm32f1xx_it.c
2022-09-20 16:45:14,297 [INFO] CodeEngine:239 - oldGeneratedFile, C:\Kd\UNI-Lectures\MCU-MPU\Test\ide\Core\Inc\stm32f1xx_it.h_save
2022-09-20 16:45:14,344 [INFO] CodeEngine:257 - Generated code: C:\Kd\UNI-Lectures\MCU-MPU\Test\ide\Core\Inc\stm32f1xx_it.h
2022-09-20 16:45:14,360 [INFO] CodeEngine:239 - oldGeneratedFile, C:\Kd\UNI-Lectures\MCU-MPU\Test\ide\Core\Src\stm32f1xx_hal_msp.c_save
2022-09-20 16:45:14,469 [INFO] CodeEngine:257 - Generated code: C:\Kd\UNI-Lectures\MCU-MPU\Test\ide\Core\Src\stm32f1xx_hal_msp.c
2022-09-20 16:45:14,469 [INFO] CodeEngine:239 - oldGeneratedFile, C:\Kd\UNI-Lectures\MCU-MPU\Test\ide\MXTmpFiles\system.tmp_save
2022-09-20 16:45:14,517 [INFO] CodeEngine:257 - Generated code: C:\Kd\UNI-Lectures\MCU-MPU\Test\ide\MXTmpFiles\system.tmp
2022-09-20 16:45:14,517 [INFO] CodeEngine:239 - oldGeneratedFile, C:\Kd\UNI-Lectures\MCU-MPU\Test\ide\Core\Inc\stm32f1xx_hal_conf.h_save
2022-09-20 16:45:14,580 [INFO] CodeEngine:257 - Generated code: C:\Kd\UNI-Lectures\MCU-MPU\Test\ide\Core\Inc\stm32f1xx_hal_conf.h
2022-09-20 16:45:14,595 [INFO] CodeEngine:239 - oldGeneratedFile, C:\Kd\UNI-Lectures\MCU-MPU\Test\ide\Core\Inc\main.h_save
2022-09-20 16:45:14,658 [INFO] CodeEngine:257 - Generated code: C:\Kd\UNI-Lectures\MCU-MPU\Test\ide\Core\Inc\main.h
2022-09-20 16:45:14,673 [INFO] CodeEngine:239 - oldGeneratedFile, C:\Kd\UNI-Lectures\MCU-MPU\Test\ide\Core\Src\main.c_save
2022-09-20 16:45:14,752 [INFO] CodeEngine:257 - Generated code: C:\Kd\UNI-Lectures\MCU-MPU\Test\ide\Core\Src\main.c
2022-09-20 16:45:15,487 [INFO] ProjectBuilder:2578 - Time for Copy HAL[1] : 109mS.
2022-09-20 16:45:15,487 [INFO] ProjectBuilder:3622 - Project Generator version: 3.14.1
2022-09-20 16:45:15,879 [INFO] ConfigFileManager:1271 - The Die is : DIE412
2022-09-20 16:45:17,317 [INFO] ProjectBuilder:3789 - Time for Generating toolchain IDE Files: 1830mS.
2022-09-20 16:45:17,317 [INFO] ProjectBuilder:2457 - Time for Copy CMSIS : 0mS.
2022-09-20 16:45:17,317 [INFO] ProjectBuilder:2457 - Time for Copy CMSIS : 0mS.
